<?xml version="1.0" encoding="UTF-8"?>
<!-- Generated by org.testng.reporters.JUnitReportReporter -->
<testsuite skipped="0" hostname="DESKTOP-TA3D90D" name="alak.dutta.testcases.OpportunityTest" tests="3" failures="0" timestamp="2020-06-11T17:21:46 EDT" time="8.177" errors="0">
  <testcase name="opportunityHome" time="5.061" classname="alak.dutta.testcases.OpportunityTest"/>
  <system-out/>
  <testcase name="opportunityTest" time="1.703" classname="alak.dutta.testcases.OpportunityTest"/>
  <system-out/>
  <testcase name="tablePrint" time="1.413" classname="alak.dutta.testcases.OpportunityTest"/>
  <system-out/>
</testsuite> <!-- alak.dutta.testcases.OpportunityTest -->
