<?xml version="1.0" encoding="UTF-8"?>
<!-- Generated by org.testng.reporters.JUnitReportReporter -->
<testsuite skipped="0" hostname="DESKTOP-TA3D90D" name="alak.dutta.testcases.InsightlyLogInTest" tests="1" failures="0" timestamp="2020-05-20T21:06:59 EDT" time="9.376" errors="0">
  <testcase name="insightlyLogInTest" time="9.376" classname="alak.dutta.testcases.InsightlyLogInTest"/>
  <system-out/>
</testsuite> <!-- alak.dutta.testcases.InsightlyLogInTest -->
