<?xml version="1.0" encoding="UTF-8"?>
<!-- Generated by org.testng.reporters.JUnitReportReporter -->
<testsuite skipped="0" hostname="DESKTOP-TA3D90D" name="alak.dutta.testcases.Practicedemo" tests="2" failures="0" timestamp="2020-05-20T10:23:36 EDT" time="12.327" errors="0">
  <testcase name="a" time="5.910" classname="alak.dutta.testcases.Practicedemo"/>
  <system-out/>
  <testcase name="practicedemo" time="6.417" classname="alak.dutta.testcases.Practicedemo"/>
  <system-out/>
</testsuite> <!-- alak.dutta.testcases.Practicedemo -->
