<?xml version="1.0" encoding="UTF-8"?>
<!-- Generated by org.testng.reporters.JUnitReportReporter -->
<testsuite skipped="0" hostname="DESKTOP-TA3D90D" name="alak.dutta.testcases.OrganizationTest" tests="3" failures="0" timestamp="2020-05-23T19:31:09 EDT" time="8.662" errors="0">
  <testcase name="doOrganization" time="2.360" classname="alak.dutta.testcases.OrganizationTest"/>
  <system-out/>
  <testcase name="organizationTest" time="4.636" classname="alak.dutta.testcases.OrganizationTest"/>
  <system-out/>
  <testcase name="organizationTable" time="1.666" classname="alak.dutta.testcases.OrganizationTest"/>
  <system-out/>
</testsuite> <!-- alak.dutta.testcases.OrganizationTest -->
