<?xml version="1.0" encoding="UTF-8"?>
<!-- Generated by org.testng.reporters.JUnitReportReporter -->
<testsuite skipped="0" hostname="DESKTOP-TA3D90D" name="alak.dutta.testcases.TableProperties" tests="1" failures="0" timestamp="2020-05-20T10:23:36 EDT" time="1.150" errors="0">
  <testcase name="doTable" time="1.150" classname="alak.dutta.testcases.TableProperties"/>
  <system-out/>
</testsuite> <!-- alak.dutta.testcases.TableProperties -->
