<?xml version="1.0" encoding="UTF-8"?>
<!-- Generated by org.testng.reporters.JUnitReportReporter -->
<testsuite skipped="0" hostname="DESKTOP-TA3D90D" name="alak.dutta.testcases.LoginTest" tests="1" failures="0" timestamp="2020-05-11T10:19:21 EDT" time="6.277" errors="0">
  <testcase name="loginAsbankManager" time="6.277" classname="alak.dutta.testcases.LoginTest"/>
  <system-out/>
</testsuite> <!-- alak.dutta.testcases.LoginTest -->
