<?xml version="1.0" encoding="UTF-8"?>
<!-- Generated by org.testng.reporters.JUnitReportReporter -->
<testsuite skipped="0" hostname="DESKTOP-TA3D90D" name="alak.dutta.testcases.InsightlyLogInTest" tests="1" failures="0" timestamp="2020-06-11T17:21:46 EDT" time="6.027" errors="0">
  <testcase name="insightlyLogInTest" time="6.027" classname="alak.dutta.testcases.InsightlyLogInTest"/>
  <system-out/>
</testsuite> <!-- alak.dutta.testcases.InsightlyLogInTest -->
