<?xml version="1.0" encoding="UTF-8"?>
<!-- Generated by org.testng.reporters.JUnitReportReporter -->
<testsuite skipped="0" hostname="DESKTOP-TA3D90D" name="alak.dutta.testcases.cogmentoCrm.cogmentoLoginTest" tests="2" failures="0" timestamp="2020-06-15T23:11:45 EDT" time="9.165" errors="0">
  <testcase name="doNavigate" time="7.331" classname="alak.dutta.testcases.cogmentoCrm.cogmentoLoginTest"/>
  <system-out/>
  <testcase name="cogmentologinTest" time="1.834" classname="alak.dutta.testcases.cogmentoCrm.cogmentoLoginTest"/>
  <system-out/>
</testsuite> <!-- alak.dutta.testcases.cogmentoCrm.cogmentoLoginTest -->
