<?xml version="1.0" encoding="UTF-8"?>
<!-- Generated by org.testng.reporters.JUnitReportReporter -->
<testsuite skipped="0" hostname="DESKTOP-TA3D90D" name="alak.dutta.testcases.LeadTest" tests="2" failures="0" timestamp="2020-05-23T19:31:09 EDT" time="5.323" errors="0">
  <testcase name="a" time="2.356" classname="alak.dutta.testcases.LeadTest"/>
  <system-out/>
  <testcase name="leadTest" time="2.967" classname="alak.dutta.testcases.LeadTest"/>
  <system-out/>
</testsuite> <!-- alak.dutta.testcases.LeadTest -->
