<?xml version="1.0" encoding="UTF-8"?>
<!-- Generated by org.testng.reporters.JUnitReportReporter -->
<testsuite skipped="0" hostname="DESKTOP-TA3D90D" name="alak.dutta.testcases.Task.NewTaskTest" tests="1" failures="0" timestamp="2020-05-20T21:06:59 EDT" time="7.944" errors="0">
  <testcase name="newTaskTest" time="7.944" classname="alak.dutta.testcases.Task.NewTaskTest"/>
  <system-out/>
</testsuite> <!-- alak.dutta.testcases.Task.NewTaskTest -->
