<?xml version="1.0" encoding="UTF-8"?>
<!-- Generated by org.testng.reporters.JUnitReportReporter -->
<testsuite skipped="0" hostname="DESKTOP-TA3D90D" name="alak.dutta.testcases.OrganizationTest" tests="3" failures="0" timestamp="2020-06-11T17:21:46 EDT" time="30.883" errors="0">
  <testcase name="doOrganization" time="21.925" classname="alak.dutta.testcases.OrganizationTest"/>
  <system-out/>
  <testcase name="organizationTest" time="4.106" classname="alak.dutta.testcases.OrganizationTest"/>
  <system-out/>
  <testcase name="organizationTable" time="4.852" classname="alak.dutta.testcases.OrganizationTest"/>
  <system-out/>
</testsuite> <!-- alak.dutta.testcases.OrganizationTest -->
