<?xml version="1.0" encoding="UTF-8"?>
<!-- Generated by org.testng.reporters.JUnitReportReporter -->
<testsuite skipped="0" hostname="DESKTOP-TA3D90D" name="alak.dutta.testcases.AddCustomerTest" tests="3" failures="0" timestamp="2020-05-20T10:57:51 EDT" time="19.477" errors="0">
  <testcase name="addCustomerTest" time="6.451" classname="alak.dutta.testcases.AddCustomerTest"/>
  <system-out/>
  <testcase name="addCustomerTest" time="6.542" classname="alak.dutta.testcases.AddCustomerTest"/>
  <system-out/>
  <testcase name="addCustomerTest" time="6.484" classname="alak.dutta.testcases.AddCustomerTest"/>
  <system-out/>
</testsuite> <!-- alak.dutta.testcases.AddCustomerTest -->
