<?xml version="1.0" encoding="UTF-8"?>
<!-- Generated by org.testng.reporters.JUnitReportReporter -->
<testsuite skipped="0" hostname="DESKTOP-TA3D90D" name="alak.dutta.testcases.Task.ContactsTest" tests="3" failures="0" timestamp="2020-05-23T19:31:09 EDT" time="13.932" errors="0">
  <testcase name="contactPage" time="6.986" classname="alak.dutta.testcases.Task.ContactsTest"/>
  <system-out/>
  <testcase name="contactsTest" time="6.380" classname="alak.dutta.testcases.Task.ContactsTest"/>
  <system-out/>
  <testcase name="contactTable" time="0.566" classname="alak.dutta.testcases.Task.ContactsTest"/>
  <system-out/>
</testsuite> <!-- alak.dutta.testcases.Task.ContactsTest -->
