<?xml version="1.0" encoding="UTF-8"?>
<!-- Generated by org.testng.reporters.JUnitReportReporter -->
<testsuite skipped="0" hostname="DESKTOP-TA3D90D" name="alak.dutta.testcases.cogmentoCrm.cogmentoLoginTest" tests="2" failures="0" timestamp="2020-06-11T17:21:46 EDT" time="4.385" errors="0">
  <testcase name="doNavigate" time="2.744" classname="alak.dutta.testcases.cogmentoCrm.cogmentoLoginTest"/>
  <system-out/>
  <testcase name="cogmentologinTest" time="1.641" classname="alak.dutta.testcases.cogmentoCrm.cogmentoLoginTest"/>
  <system-out/>
</testsuite> <!-- alak.dutta.testcases.cogmentoCrm.cogmentoLoginTest -->
