<?xml version="1.0" encoding="UTF-8"?>
<!-- Generated by org.testng.reporters.JUnitReportReporter -->
<testsuite skipped="0" hostname="DESKTOP-TA3D90D" name="alak.dutta.testcases.cogmentoCrm.calenderTest" tests="2" failures="0" timestamp="2020-09-03T15:16:36 EDT" time="13.496" errors="0">
  <testcase name="gotoCalenderPage" time="9.061" classname="alak.dutta.testcases.cogmentoCrm.calenderTest"/>
  <system-out/>
  <testcase name="calendertest" time="4.435" classname="alak.dutta.testcases.cogmentoCrm.calenderTest"/>
  <system-out/>
</testsuite> <!-- alak.dutta.testcases.cogmentoCrm.calenderTest -->
