<?xml version="1.0" encoding="UTF-8"?>
<!-- Generated by org.testng.reporters.JUnitReportReporter -->
<testsuite skipped="0" hostname="DESKTOP-TA3D90D" name="alak.dutta.testcases.cogmentoCrm.contactTest" tests="2" failures="0" timestamp="2020-06-15T23:11:45 EDT" time="28.519" errors="0">
  <testcase name="doNavigate" time="6.700" classname="alak.dutta.testcases.cogmentoCrm.contactTest"/>
  <system-out/>
  <testcase name="contacttest" time="21.819" classname="alak.dutta.testcases.cogmentoCrm.contactTest"/>
  <system-out/>
</testsuite> <!-- alak.dutta.testcases.cogmentoCrm.contactTest -->
