<?xml version="1.0" encoding="UTF-8"?>
<!-- Generated by org.testng.reporters.JUnitReportReporter -->
<testsuite skipped="0" hostname="DESKTOP-TA3D90D" name="alak.dutta.testcases.Task.TaskTest" tests="1" failures="0" timestamp="2020-05-21T14:38:32 EDT" time="3.344" errors="0">
  <testcase name="taskTest" time="3.344" classname="alak.dutta.testcases.Task.TaskTest"/>
  <system-out/>
</testsuite> <!-- alak.dutta.testcases.Task.TaskTest -->
