<?xml version="1.0" encoding="UTF-8"?>
<!-- Generated by org.testng.reporters.JUnitReportReporter -->
<testsuite skipped="0" hostname="DESKTOP-TA3D90D" name="alak.dutta.testcases.BackHomeTest" tests="1" failures="0" timestamp="2020-05-20T10:23:36 EDT" time="2.756" errors="0">
  <testcase name="doHome" time="2.756" classname="alak.dutta.testcases.BackHomeTest"/>
  <system-out/>
</testsuite> <!-- alak.dutta.testcases.BackHomeTest -->
