<?xml version="1.0" encoding="UTF-8"?>
<!-- Generated by org.testng.reporters.JUnitReportReporter -->
<testsuite skipped="0" hostname="DESKTOP-TA3D90D" name="alak.dutta.testcases.cogmentoCrm.cogmentoLoginTest" tests="2" failures="0" timestamp="2020-09-03T15:16:36 EDT" time="3.984" errors="0">
  <testcase name="doNavigate" time="2.405" classname="alak.dutta.testcases.cogmentoCrm.cogmentoLoginTest"/>
  <system-out/>
  <testcase name="cogmentologinTest" time="1.579" classname="alak.dutta.testcases.cogmentoCrm.cogmentoLoginTest"/>
  <system-out/>
</testsuite> <!-- alak.dutta.testcases.cogmentoCrm.cogmentoLoginTest -->
