<?xml version="1.0" encoding="UTF-8"?>
<!-- Generated by org.testng.reporters.JUnitReportReporter -->
<testsuite skipped="0" hostname="DESKTOP-TA3D90D" name="alak.dutta.testcases.cogmentoCrm.contactTest" tests="2" failures="0" timestamp="2020-09-03T15:16:36 EDT" time="10.859" errors="0">
  <testcase name="doNavigate" time="3.527" classname="alak.dutta.testcases.cogmentoCrm.contactTest"/>
  <system-out/>
  <testcase name="contacttest" time="7.332" classname="alak.dutta.testcases.cogmentoCrm.contactTest"/>
  <system-out/>
</testsuite> <!-- alak.dutta.testcases.cogmentoCrm.contactTest -->
