<?xml version="1.0" encoding="UTF-8"?>
<!-- Generated by org.testng.reporters.JUnitReportReporter -->
<testsuite skipped="0" hostname="DESKTOP-TA3D90D" name="alak.dutta.testcases.BankManagerLoginTest" tests="1" failures="0" timestamp="2020-05-20T10:57:51 EDT" time="3.278" errors="0">
  <testcase name="loginAsbankManager" time="3.278" classname="alak.dutta.testcases.BankManagerLoginTest"/>
  <system-out/>
</testsuite> <!-- alak.dutta.testcases.BankManagerLoginTest -->
