<?xml version="1.0" encoding="UTF-8"?>
<!-- Generated by org.testng.reporters.JUnitReportReporter -->
<testsuite skipped="0" hostname="DESKTOP-TA3D90D" name="alak.dutta.testcases.LeadTest" tests="2" failures="0" timestamp="2020-06-11T17:21:46 EDT" time="6.862" errors="0">
  <testcase name="leadHome" time="4.697" classname="alak.dutta.testcases.LeadTest"/>
  <system-out/>
  <testcase name="leadTest" time="2.165" classname="alak.dutta.testcases.LeadTest"/>
  <system-out/>
</testsuite> <!-- alak.dutta.testcases.LeadTest -->
