<?xml version="1.0" encoding="UTF-8"?>
<!-- Generated by org.testng.reporters.JUnitReportReporter -->
<testsuite skipped="0" hostname="DESKTOP-TA3D90D" name="alak.dutta.testcases.cogmentoCrm.calenderTest" tests="2" failures="0" timestamp="2020-06-15T23:11:45 EDT" time="20.545" errors="0">
  <testcase name="gotoCalenderPage" time="12.725" classname="alak.dutta.testcases.cogmentoCrm.calenderTest"/>
  <system-out/>
  <testcase name="calendertest" time="7.820" classname="alak.dutta.testcases.cogmentoCrm.calenderTest"/>
  <system-out/>
</testsuite> <!-- alak.dutta.testcases.cogmentoCrm.calenderTest -->
